<?xml version="1.0" encoding="UTF-8"?>
<testng-results ignored="0" total="6" passed="5" failed="1" skipped="0">
  <reporter-output>
  </reporter-output>
  <suite started-at="2025-04-03T14:58:33 IST" name="Suite" finished-at="2025-04-03T15:01:23 IST" duration-ms="169664">
    <groups>
    </groups>
    <test started-at="2025-04-03T14:58:33 IST" name="Test" finished-at="2025-04-03T15:01:23 IST" duration-ms="169664">
      <class name="RaaOnlineProject01.Raaonline.Login">
        <test-method is-config="true" signature="configureAppium()[pri:0, instance:RaaOnlineProject01.Raaonline.Login@415b0b49]" started-at="2025-04-03T14:58:33 IST" name="configureAppium" finished-at="2025-04-03T14:58:43 IST" duration-ms="10210" status="PASS">
          <reporter-output>
          </reporter-output>
        </test-method> <!-- configureAppium -->
        <test-method signature="LoginPage()[pri:1, instance:RaaOnlineProject01.Raaonline.Login@415b0b49]" started-at="2025-04-03T14:58:43 IST" name="LoginPage" finished-at="2025-04-03T14:59:02 IST" duration-ms="18435" status="PASS">
          <reporter-output>
          </reporter-output>
        </test-method> <!-- LoginPage -->
        <test-method is-config="true" signature="tearDown()[pri:0, instance:RaaOnlineProject01.Raaonline.Login@415b0b49]" started-at="2025-04-03T14:59:02 IST" name="tearDown" finished-at="2025-04-03T14:59:02 IST" duration-ms="510" status="PASS">
          <reporter-output>
          </reporter-output>
        </test-method> <!-- tearDown -->
      </class> <!-- RaaOnlineProject01.Raaonline.Login -->
      <class name="RaaOnlineProject01.Raaonline.VideoPage">
        <test-method is-config="true" signature="configureAppium()[pri:0, instance:RaaOnlineProject01.Raaonline.VideoPage@78452606]" started-at="2025-04-03T14:59:38 IST" name="configureAppium" finished-at="2025-04-03T14:59:46 IST" duration-ms="8600" status="PASS">
          <reporter-output>
          </reporter-output>
        </test-method> <!-- configureAppium -->
        <test-method signature="LoginPage()[pri:1, instance:RaaOnlineProject01.Raaonline.VideoPage@78452606]" started-at="2025-04-03T14:59:46 IST" name="LoginPage" finished-at="2025-04-03T15:00:04 IST" duration-ms="17883" status="PASS">
          <reporter-output>
          </reporter-output>
        </test-method> <!-- LoginPage -->
        <test-method signature="HomePage001()[pri:2, instance:RaaOnlineProject01.Raaonline.VideoPage@78452606]" started-at="2025-04-03T15:00:04 IST" name="HomePage001" finished-at="2025-04-03T15:00:13 IST" duration-ms="9018" status="PASS">
          <reporter-output>
          </reporter-output>
        </test-method> <!-- HomePage001 -->
        <test-method signature="VideoPage01()[pri:3, instance:RaaOnlineProject01.Raaonline.VideoPage@78452606]" started-at="2025-04-03T15:00:13 IST" name="VideoPage01" finished-at="2025-04-03T15:01:22 IST" duration-ms="69181" status="FAIL">
          <exception class="org.openqa.selenium.TimeoutException">
            <message>
              <![CDATA[Expected condition failed: waiting for presence of element located by: AppiumBy.accessibilityId: Anesthesia machine
14 Topics (tried for 8 second(s) with 500 milliseconds interval)]]>
            </message>
            <full-stacktrace>
              <![CDATA[org.openqa.selenium.TimeoutException: Expected condition failed: waiting for presence of element located by: AppiumBy.accessibilityId: Anesthesia machine
14 Topics (tried for 8 second(s) with 500 milliseconds interval)
at org.openqa.selenium.support.ui.WebDriverWait.timeoutException(WebDriverWait.java:84)
at org.openqa.selenium.support.ui.FluentWait.until(FluentWait.java:228)
at RaaOnlineProject01.Raaonline.VideoPage.VideoPage01(VideoPage.java:112)
at java.base/jdk.internal.reflect.NativeMethodAccessorImpl.invoke0(Native Method)
at java.base/jdk.internal.reflect.NativeMethodAccessorImpl.invoke(NativeMethodAccessorImpl.java:77)
at java.base/jdk.internal.reflect.DelegatingMethodAccessorImpl.invoke(DelegatingMethodAccessorImpl.java:43)
at java.base/java.lang.reflect.Method.invoke(Method.java:568)
at org.testng.internal.invokers.MethodInvocationHelper.invokeMethod(MethodInvocationHelper.java:141)
at org.testng.internal.invokers.TestInvoker.invokeMethod(TestInvoker.java:687)
at org.testng.internal.invokers.TestInvoker.invokeTestMethod(TestInvoker.java:230)
at org.testng.internal.invokers.MethodRunner.runInSequence(MethodRunner.java:63)
at org.testng.internal.invokers.TestInvoker$MethodInvocationAgent.invoke(TestInvoker.java:995)
at org.testng.internal.invokers.TestInvoker.invokeTestMethods(TestInvoker.java:203)
at org.testng.internal.invokers.TestMethodWorker.invokeTestMethods(TestMethodWorker.java:154)
at org.testng.internal.invokers.TestMethodWorker.run(TestMethodWorker.java:134)
at java.base/java.util.ArrayList.forEach(ArrayList.java:1511)
at org.testng.TestRunner.privateRun(TestRunner.java:741)
at org.testng.TestRunner.run(TestRunner.java:616)
at org.testng.SuiteRunner.runTest(SuiteRunner.java:421)
at org.testng.SuiteRunner.runSequentially(SuiteRunner.java:413)
at org.testng.SuiteRunner.privateRun(SuiteRunner.java:373)
at org.testng.SuiteRunner.run(SuiteRunner.java:312)
at org.testng.SuiteRunnerWorker.runSuite(SuiteRunnerWorker.java:52)
at org.testng.SuiteRunnerWorker.run(SuiteRunnerWorker.java:95)
at org.testng.TestNG.runSuitesSequentially(TestNG.java:1274)
at org.testng.TestNG.runSuitesLocally(TestNG.java:1208)
at org.testng.TestNG.runSuites(TestNG.java:1112)
at org.testng.TestNG.run(TestNG.java:1079)
at org.testng.remote.AbstractRemoteTestNG.run(AbstractRemoteTestNG.java:115)
at org.testng.remote.RemoteTestNG.initAndRun(RemoteTestNG.java:293)
at org.testng.remote.RemoteTestNG.main(RemoteTestNG.java:91)
Caused by: org.openqa.selenium.NoSuchElementException: An element could not be located on the page using the given search parameters.
For documentation on this error, please visit: https://www.selenium.dev/documentation/webdriver/troubleshooting/errors#no-such-element-exception
Build info: version: '4.30.0', revision: '509c7f17cc*'
System info: os.name: 'Windows 11', os.arch: 'amd64', os.version: '10.0', java.version: '17.0.11'
Driver info: io.appium.java_client.android.AndroidDriver
Command: [e1c9b5bb-8c0c-41bb-9d96-3c3b66422a4f, findElement {value=Anesthesia machine
14 Topics, using=accessibility id}]
Capabilities {appium:app: C:\Users\janan\eclipse-work..., appium:appActivity: com.raaonlinedev.app.MainAc..., appium:appPackage: com.raaonlinedev.app, appium:automationName: UIAutomator2, appium:databaseEnabled: false, appium:desired: {app: C:\Users\janan\eclipse-work..., automationName: UIAutomator2, deviceName: R9WW30G5FJD, platformName: ANDROID}, appium:deviceApiLevel: 35, appium:deviceManufacturer: Google, appium:deviceModel: sdk_gphone64_x86_64, appium:deviceName: emulator-5554, appium:deviceScreenDensity: 420, appium:deviceScreenSize: 1080x2400, appium:deviceUDID: emulator-5554, appium:javascriptEnabled: true, appium:locationContextEnabled: false, appium:networkConnectionEnabled: true, appium:pixelRatio: 2.625, appium:platformVersion: 15, appium:statBarHeight: 136, appium:takesScreenshot: true, appium:viewportRect: {height: 2264, left: 0, top: 136, width: 1080}, appium:warnings: {}, appium:webStorageEnabled: false, platformName: ANDROID}
Session ID: e1c9b5bb-8c0c-41bb-9d96-3c3b66422a4f
at jdk.internal.reflect.GeneratedConstructorAccessor11.newInstance(Unknown Source)
at java.base/jdk.internal.reflect.DelegatingConstructorAccessorImpl.newInstance(DelegatingConstructorAccessorImpl.java:45)
at java.base/java.lang.reflect.Constructor.newInstanceWithCaller(Constructor.java:499)
at java.base/java.lang.reflect.Constructor.newInstance(Constructor.java:480)
at org.openqa.selenium.remote.ErrorCodec.decode(ErrorCodec.java:167)
at org.openqa.selenium.remote.codec.w3c.W3CHttpResponseCodec.decode(W3CHttpResponseCodec.java:138)
at org.openqa.selenium.remote.codec.w3c.W3CHttpResponseCodec.decode(W3CHttpResponseCodec.java:50)
at org.openqa.selenium.remote.HttpCommandExecutor.execute(HttpCommandExecutor.java:215)
at io.appium.java_client.remote.AppiumCommandExecutor.execute(AppiumCommandExecutor.java:243)
at org.openqa.selenium.remote.RemoteWebDriver.execute(RemoteWebDriver.java:545)
at org.openqa.selenium.remote.ElementLocation$ElementFinder$2.findElement(ElementLocation.java:165)
at org.openqa.selenium.remote.ElementLocation.findElement(ElementLocation.java:59)
at org.openqa.selenium.remote.RemoteWebDriver.findElement(RemoteWebDriver.java:368)
at org.openqa.selenium.remote.RemoteWebDriver.findElement(RemoteWebDriver.java:362)
at org.openqa.selenium.support.ui.ExpectedConditions$6.apply(ExpectedConditions.java:171)
at org.openqa.selenium.support.ui.ExpectedConditions$6.apply(ExpectedConditions.java:168)
at org.openqa.selenium.support.ui.FluentWait.until(FluentWait.java:203)
... 29 more
]]>
            </full-stacktrace>
          </exception> <!-- org.openqa.selenium.TimeoutException -->
          <reporter-output>
          </reporter-output>
        </test-method> <!-- VideoPage01 -->
        <test-method is-config="true" signature="tearDown()[pri:0, instance:RaaOnlineProject01.Raaonline.VideoPage@78452606]" started-at="2025-04-03T15:01:22 IST" name="tearDown" finished-at="2025-04-03T15:01:23 IST" duration-ms="468" status="PASS">
          <reporter-output>
          </reporter-output>
        </test-method> <!-- tearDown -->
      </class> <!-- RaaOnlineProject01.Raaonline.VideoPage -->
      <class name="RaaOnlineProject01.Raaonline.HomePage">
        <test-method is-config="true" signature="configureAppium()[pri:0, instance:RaaOnlineProject01.Raaonline.HomePage@4f49f6af]" started-at="2025-04-03T14:59:02 IST" name="configureAppium" finished-at="2025-04-03T14:59:11 IST" duration-ms="8752" status="PASS">
          <reporter-output>
          </reporter-output>
        </test-method> <!-- configureAppium -->
        <test-method signature="LoginPage()[pri:1, instance:RaaOnlineProject01.Raaonline.HomePage@4f49f6af]" started-at="2025-04-03T14:59:11 IST" name="LoginPage" finished-at="2025-04-03T14:59:29 IST" duration-ms="17845" status="PASS">
          <reporter-output>
          </reporter-output>
        </test-method> <!-- LoginPage -->
        <test-method signature="HomePage001()[pri:2, instance:RaaOnlineProject01.Raaonline.HomePage@4f49f6af]" started-at="2025-04-03T14:59:29 IST" name="HomePage001" finished-at="2025-04-03T14:59:37 IST" duration-ms="8226" status="PASS">
          <reporter-output>
          </reporter-output>
        </test-method> <!-- HomePage001 -->
        <test-method is-config="true" signature="tearDown()[pri:0, instance:RaaOnlineProject01.Raaonline.HomePage@4f49f6af]" started-at="2025-04-03T14:59:37 IST" name="tearDown" finished-at="2025-04-03T14:59:38 IST" duration-ms="454" status="PASS">
          <reporter-output>
          </reporter-output>
        </test-method> <!-- tearDown -->
      </class> <!-- RaaOnlineProject01.Raaonline.HomePage -->
    </test> <!-- Test -->
  </suite> <!-- Suite -->
</testng-results>
